TN:
SF:/media/sfermi/Programming/project/cv/cvpm/discovery/src/config.ts
FNF:0
FNH:0
DA:1,1
DA:3,1
DA:13,1
DA:21,1
LF:4
LH:4
BRDA:14,0,0,1
BRDA:14,0,1,1
BRDA:17,1,0,1
BRDA:17,1,1,1
BRDA:18,2,0,1
BRDA:18,2,1,1
BRF:6
BRH:6
end_of_record
TN:
SF:/media/sfermi/Programming/project/cv/cvpm/discovery/src/logging.ts
FN:7,logger
FN:8,(anonymous_1)
FNF:2
FNH:2
FNDA:1,logger
FNDA:2,(anonymous_1)
DA:2,1
DA:3,1
DA:5,1
DA:7,1
DA:8,1
DA:10,2
DA:12,2
DA:14,2
DA:17,2
DA:18,0
DA:20,2
DA:21,0
DA:23,2
DA:24,2
DA:27,2
DA:29,2
DA:50,2
LF:17
LH:15
BRDA:17,0,0,0
BRDA:17,0,1,2
BRDA:20,1,0,0
BRDA:20,1,1,2
BRDA:23,2,0,2
BRDA:23,2,1,0
BRDA:30,3,0,0
BRDA:30,3,1,2
BRF:8
BRH:4
end_of_record
TN:
SF:/media/sfermi/Programming/project/cv/cvpm/discovery/src/routes.ts
FNF:0
FNH:0
DA:1,1
DA:3,1
DA:5,1
DA:7,1
DA:8,1
DA:10,1
DA:12,1
DA:13,1
DA:15,1
DA:17,1
LF:10
LH:10
BRF:0
BRH:0
end_of_record
TN:
SF:/media/sfermi/Programming/project/cv/cvpm/discovery/src/server.ts
FN:18,(anonymous_0)
FNF:1
FNH:1
FNDA:2,(anonymous_0)
DA:1,1
DA:2,1
DA:3,1
DA:4,1
DA:5,1
DA:7,1
DA:8,1
DA:9,1
DA:11,1
DA:13,1
DA:18,1
DA:19,2
DA:20,2
DA:21,2
DA:24,1
DA:25,1
DA:26,1
DA:27,1
DA:28,1
DA:30,1
DA:31,1
LF:21
LH:21
BRF:0
BRH:0
end_of_record
TN:
SF:/media/sfermi/Programming/project/cv/cvpm/discovery/src/controller/index.ts
FNF:0
FNH:0
DA:1,1
DA:2,1
DA:3,1
DA:4,1
LF:4
LH:4
BRF:0
BRH:0
end_of_record
TN:
SF:/media/sfermi/Programming/project/cv/cvpm/discovery/src/controller/package.ts
FN:5,(anonymous_0)
FNF:1
FNH:0
FNDA:0,(anonymous_0)
DA:2,1
DA:4,1
DA:6,0
DA:8,0
LF:4
LH:2
BRF:0
BRH:0
end_of_record
TN:
SF:/media/sfermi/Programming/project/cv/cvpm/discovery/src/controller/pretrained.ts
FN:4,(anonymous_0)
FN:12,(anonymous_1)
FNF:2
FNH:0
FNDA:0,(anonymous_0)
FNDA:0,(anonymous_1)
DA:2,1
DA:3,1
DA:5,0
DA:6,0
DA:7,0
DA:13,0
DA:14,0
LF:7
LH:2
BRF:0
BRH:0
end_of_record
TN:
SF:/media/sfermi/Programming/project/cv/cvpm/discovery/src/controller/registry.ts
FN:5,(anonymous_0)
FNF:1
FNH:0
FNDA:0,(anonymous_0)
DA:2,1
DA:4,1
DA:6,0
DA:7,0
DA:8,0
DA:9,0
LF:6
LH:2
BRF:0
BRH:0
end_of_record
TN:
SF:/media/sfermi/Programming/project/cv/cvpm/discovery/src/controller/system.ts
FN:5,(anonymous_0)
FN:12,(anonymous_1)
FNF:2
FNH:2
FNDA:1,(anonymous_0)
FNDA:1,(anonymous_1)
DA:2,1
DA:4,1
DA:6,1
DA:7,1
DA:13,1
DA:14,1
LF:6
LH:6
BRF:0
BRH:0
end_of_record
TN:
SF:/media/sfermi/Programming/project/cv/cvpm/discovery/src/dynamo/action.ts
FN:15,putPackage
FN:21,(anonymous_8)
FN:35,putPretrained
FN:41,(anonymous_10)
FN:49,getPretrained
FN:57,addRegistry
FN:63,(anonymous_13)
FNF:7
FNH:0
FNDA:0,putPackage
FNDA:0,(anonymous_8)
FNDA:0,putPretrained
FNDA:0,(anonymous_10)
FNDA:0,getPretrained
FNDA:0,addRegistry
FNDA:0,(anonymous_13)
DA:1,1
DA:2,1
DA:3,1
DA:16,0
DA:21,0
DA:22,0
DA:36,0
DA:41,0
DA:42,0
DA:50,0
DA:51,0
DA:52,0
DA:54,0
DA:58,0
DA:63,0
DA:64,0
DA:69,1
DA:70,1
DA:71,1
DA:72,1
LF:20
LH:7
BRF:0
BRH:0
end_of_record
TN:
SF:/media/sfermi/Programming/project/cv/cvpm/discovery/src/dynamo/config.ts
FNF:0
FNH:0
DA:1,1
DA:8,1
LF:2
LH:2
BRF:0
BRH:0
end_of_record
TN:
SF:/media/sfermi/Programming/project/cv/cvpm/discovery/src/dynamo/dynamo.ts
FNF:0
FNH:0
DA:6,1
DA:7,1
DA:8,1
DA:9,1
DA:11,1
DA:13,1
DA:17,1
LF:7
LH:7
BRF:0
BRH:0
end_of_record
TN:
SF:/media/sfermi/Programming/project/cv/cvpm/discovery/src/dynamo/entity.ts
FN:16,(anonymous_2)
FN:31,(anonymous_3)
FN:46,(anonymous_4)
FNF:3
FNH:0
FNDA:0,(anonymous_2)
FNDA:0,(anonymous_3)
FNDA:0,(anonymous_4)
DA:1,1
DA:12,1
DA:14,1
DA:16,0
DA:17,1
DA:20,1
DA:23,1
DA:27,1
DA:29,1
DA:31,0
DA:32,1
DA:35,1
DA:38,1
DA:42,1
DA:44,1
DA:46,0
DA:47,1
DA:50,1
DA:53,1
DA:57,1
DA:58,1
DA:59,1
LF:22
LH:19
BRF:0
BRH:0
end_of_record
